2026-05-07T10:59:58Z	expected_text=G	raw_transcript=g	prompt_type=letter	target_csv=letter-reinforcement.csv	status=skipped	reason=raw transcript already equals expected text	created_by=admin@readirect.local
2026-05-07T11:00:03Z	expected_text=G	raw_transcript=g	prompt_type=letter	target_csv=letter-reinforcement.csv	status=skipped	reason=raw transcript already equals expected text	created_by=admin@readirect.local
2026-05-07T11:00:07Z	expected_text=J	raw_transcript=j	prompt_type=letter	target_csv=letter-reinforcement.csv	status=skipped	reason=raw transcript already equals expected text	created_by=admin@readirect.local
2026-05-07T11:00:12Z	expected_text=V	raw_transcript=v	prompt_type=letter	target_csv=letter-reinforcement.csv	status=skipped	reason=raw transcript already equals expected text	created_by=admin@readirect.local
2026-05-07T11:00:16Z	expected_text=Z	raw_transcript=z	prompt_type=letter	target_csv=letter-reinforcement.csv	status=skipped	reason=raw transcript already equals expected text	created_by=admin@readirect.local
2026-05-07T11:00:20Z	expected_text=R	raw_transcript=ar	prompt_type=letter	target_csv=letter-reinforcement.csv	status=skipped	reason=existing correction accepted transcript	created_by=admin@readirect.local
2026-05-07T11:00:38Z	expected_text=P	raw_transcript=p	prompt_type=letter	target_csv=letter-reinforcement.csv	status=skipped	reason=raw transcript already equals expected text	created_by=admin@readirect.local
2026-05-07T11:00:43Z	expected_text=N	raw_transcript=n	prompt_type=letter	target_csv=letter-reinforcement.csv	status=skipped	reason=raw transcript already equals expected text	created_by=admin@readirect.local
2026-05-07T11:00:53Z	expected_text=U	raw_transcript=u	prompt_type=letter	target_csv=letter-reinforcement.csv	status=skipped	reason=raw transcript already equals expected text	created_by=admin@readirect.local
2026-05-07T11:00:58Z	expected_text=W	raw_transcript=w	prompt_type=letter	target_csv=letter-reinforcement.csv	status=skipped	reason=raw transcript already equals expected text	created_by=admin@readirect.local
2026-05-07T11:01:03Z	expected_text=X	raw_transcript=x	prompt_type=letter	target_csv=letter-reinforcement.csv	status=skipped	reason=raw transcript already equals expected text	created_by=admin@readirect.local
2026-05-07T11:01:04Z	expected_text=G	raw_transcript=g	prompt_type=letter	target_csv=letter-reinforcement.csv	status=skipped	reason=raw transcript already equals expected text	created_by=admin@readirect.local
2026-05-07T11:01:05Z	expected_text=J	raw_transcript=j	prompt_type=letter	target_csv=letter-reinforcement.csv	status=skipped	reason=raw transcript already equals expected text	created_by=admin@readirect.local
2026-05-07T11:01:05Z	expected_text=V	raw_transcript=v	prompt_type=letter	target_csv=letter-reinforcement.csv	status=skipped	reason=raw transcript already equals expected text	created_by=admin@readirect.local
2026-05-07T11:01:06Z	expected_text=Z	raw_transcript=z	prompt_type=letter	target_csv=letter-reinforcement.csv	status=skipped	reason=raw transcript already equals expected text	created_by=admin@readirect.local
2026-05-07T11:01:06Z	expected_text=R	raw_transcript=ar	prompt_type=letter	target_csv=letter-reinforcement.csv	status=skipped	reason=existing correction accepted transcript	created_by=admin@readirect.local
2026-05-07T11:01:07Z	expected_text=P	raw_transcript=p	prompt_type=letter	target_csv=letter-reinforcement.csv	status=skipped	reason=raw transcript already equals expected text	created_by=admin@readirect.local
2026-05-07T11:01:07Z	expected_text=N	raw_transcript=n	prompt_type=letter	target_csv=letter-reinforcement.csv	status=skipped	reason=raw transcript already equals expected text	created_by=admin@readirect.local
2026-05-07T11:01:08Z	expected_text=U	raw_transcript=u	prompt_type=letter	target_csv=letter-reinforcement.csv	status=skipped	reason=raw transcript already equals expected text	created_by=admin@readirect.local
2026-05-07T11:01:09Z	expected_text=W	raw_transcript=w	prompt_type=letter	target_csv=letter-reinforcement.csv	status=skipped	reason=raw transcript already equals expected text	created_by=admin@readirect.local
2026-05-07T11:01:09Z	expected_text=X	raw_transcript=x	prompt_type=letter	target_csv=letter-reinforcement.csv	status=skipped	reason=raw transcript already equals expected text	created_by=admin@readirect.local
2026-05-07T11:01:50Z	expected_text=hat	raw_transcript=hu	prompt_type=sentence	target_csv=word-reinforcement.csv	status=saved	reason=new correction added	created_by=admin@readirect.local
2026-05-07T11:02:02Z	expected_text=hat	raw_transcript=hut	prompt_type=sentence	target_csv=word-reinforcement.csv	status=saved	reason=new correction added	created_by=admin@readirect.local
2026-05-07T11:02:11Z	expected_text=ball	raw_transcript=dull	prompt_type=sentence	target_csv=word-reinforcement.csv	status=saved	reason=new correction added	created_by=admin@readirect.local
2026-05-07T11:02:20Z	expected_text=ball	raw_transcript=boy	prompt_type=sentence	target_csv=word-reinforcement.csv	status=saved	reason=new correction added	created_by=admin@readirect.local
2026-05-07T11:02:31Z	expected_text=book	raw_transcript=bok	prompt_type=sentence	target_csv=word-reinforcement.csv	status=saved	reason=new correction added	created_by=admin@readirect.local
2026-05-07T11:02:37Z	expected_text=tree	raw_transcript=tr	prompt_type=sentence	target_csv=word-reinforcement.csv	status=saved	reason=new correction added	created_by=admin@readirect.local
2026-05-07T11:02:43Z	expected_text=tree	raw_transcript=tr	prompt_type=sentence	target_csv=word-reinforcement.csv	status=skipped	reason=existing correction accepted transcript	created_by=admin@readirect.local
2026-05-07T11:02:48Z	expected_text=moon	raw_transcript=moon	prompt_type=sentence	target_csv=word-reinforcement.csv	status=skipped	reason=raw transcript already equals expected text	created_by=admin@readirect.local
2026-05-07T11:02:53Z	expected_text=dog	raw_transcript=dog	prompt_type=sentence	target_csv=word-reinforcement.csv	status=skipped	reason=raw transcript already equals expected text	created_by=admin@readirect.local
2026-05-07T11:02:58Z	expected_text=sun	raw_transcript=son	prompt_type=sentence	target_csv=word-reinforcement.csv	status=skipped	reason=existing correction accepted transcript	created_by=admin@readirect.local
2026-05-07T11:03:03Z	expected_text=rock	raw_transcript=ruck	prompt_type=sentence	target_csv=word-reinforcement.csv	status=saved	reason=new correction added	created_by=admin@readirect.local
2026-05-07T11:03:07Z	expected_text=cup	raw_transcript=cup	prompt_type=sentence	target_csv=word-reinforcement.csv	status=skipped	reason=raw transcript already equals expected text	created_by=admin@readirect.local
2026-05-07T11:03:12Z	expected_text=bed	raw_transcript=bed	prompt_type=sentence	target_csv=word-reinforcement.csv	status=skipped	reason=raw transcript already equals expected text	created_by=admin@readirect.local
2026-05-07T11:03:13Z	expected_text=hat	raw_transcript=hut	prompt_type=sentence	target_csv=word-reinforcement.csv	status=skipped	reason=existing correction accepted transcript	created_by=admin@readirect.local
2026-05-07T11:03:14Z	expected_text=ball	raw_transcript=boy	prompt_type=sentence	target_csv=word-reinforcement.csv	status=skipped	reason=existing correction accepted transcript	created_by=admin@readirect.local
2026-05-07T11:03:15Z	expected_text=book	raw_transcript=bok	prompt_type=sentence	target_csv=word-reinforcement.csv	status=skipped	reason=existing correction accepted transcript	created_by=admin@readirect.local
2026-05-07T11:03:15Z	expected_text=tree	raw_transcript=tr	prompt_type=sentence	target_csv=word-reinforcement.csv	status=skipped	reason=existing correction accepted transcript	created_by=admin@readirect.local
2026-05-07T11:03:16Z	expected_text=moon	raw_transcript=moon	prompt_type=sentence	target_csv=word-reinforcement.csv	status=skipped	reason=raw transcript already equals expected text	created_by=admin@readirect.local
2026-05-07T11:03:16Z	expected_text=dog	raw_transcript=dog	prompt_type=sentence	target_csv=word-reinforcement.csv	status=skipped	reason=raw transcript already equals expected text	created_by=admin@readirect.local
2026-05-07T11:03:17Z	expected_text=sun	raw_transcript=son	prompt_type=sentence	target_csv=word-reinforcement.csv	status=skipped	reason=existing correction accepted transcript	created_by=admin@readirect.local
2026-05-07T11:03:17Z	expected_text=rock	raw_transcript=ruck	prompt_type=sentence	target_csv=word-reinforcement.csv	status=skipped	reason=existing correction accepted transcript	created_by=admin@readirect.local
2026-05-07T11:03:18Z	expected_text=cup	raw_transcript=cup	prompt_type=sentence	target_csv=word-reinforcement.csv	status=skipped	reason=raw transcript already equals expected text	created_by=admin@readirect.local
2026-05-07T11:03:18Z	expected_text=bed	raw_transcript=bed	prompt_type=sentence	target_csv=word-reinforcement.csv	status=skipped	reason=raw transcript already equals expected text	created_by=admin@readirect.local
2026-05-20T10:46:15Z	expected_text=log	raw_transcript=lug	prompt_type=rhyme	target_csv=word-reinforcement.csv	status=saved	reason=new correction added	created_by=admin@readirect.local
2026-05-20T10:46:21Z	expected_text=log	raw_transcript=lug	prompt_type=rhyme	target_csv=word-reinforcement.csv	status=duplicate	reason=correction already exists	created_by=admin@readirect.local
2026-05-20T10:48:34Z	expected_text=bat	raw_transcript=but	prompt_type=rhyme	target_csv=word-reinforcement.csv	status=saved	reason=new correction added	created_by=admin@readirect.local
2026-05-20T10:50:15Z	expected_text=cat	raw_transcript=ca	prompt_type=rhyme	target_csv=word-reinforcement.csv	status=saved	reason=new correction added	created_by=admin@readirect.local
2026-05-20T13:15:55Z	expected_text=arthur	raw_transcript=artor	prompt_type=word	target_csv=word-reinforcement.csv	status=saved	reason=new correction added	created_by=admin@readirect.local
2026-05-20T13:16:32Z	expected_text=shield	raw_transcript=shill	prompt_type=word	target_csv=word-reinforcement.csv	status=saved	reason=new correction added	created_by=admin@readirect.local
2026-05-20T13:16:33Z	expected_text=brother's	raw_transcript=brother	prompt_type=word	target_csv=word-reinforcement.csv	status=saved	reason=new correction added	created_by=admin@readirect.local
2026-05-20T13:23:34Z	expected_text=arthur	raw_transcript=artor	prompt_type=word	target_csv=word-reinforcement.csv	status=duplicate	reason=correction already exists	created_by=admin@readirect.local
2026-05-20T13:23:37Z	expected_text=knights	raw_transcript=nights	prompt_type=word	target_csv=word-reinforcement.csv	status=saved	reason=new correction added	created_by=admin@readirect.local
2026-05-20T13:23:42Z	expected_text=pulled	raw_transcript=polld	prompt_type=word	target_csv=word-reinforcement.csv	status=saved	reason=new correction added	created_by=admin@readirect.local
2026-05-20T13:23:57Z	expected_text=once	raw_transcript=ones	prompt_type=word	target_csv=word-reinforcement.csv	status=saved	reason=new correction added	created_by=admin@readirect.local
2026-05-20T13:32:57Z	expected_text=sword	raw_transcript=sord	prompt_type=word	target_csv=word-reinforcement.csv	status=saved	reason=new correction added	created_by=admin@readirect.local
2026-05-20T13:33:03Z	expected_text=knights	raw_transcript=nights	prompt_type=word	target_csv=word-reinforcement.csv	status=duplicate	reason=correction already exists	created_by=admin@readirect.local
2026-05-20T13:33:19Z	expected_text=sword	raw_transcript=sord	prompt_type=word	target_csv=word-reinforcement.csv	status=duplicate	reason=correction already exists	created_by=admin@readirect.local
2026-06-02T06:27:12Z	expected_text=cat	raw_transcript=ben	prompt_type=word	target_csv=word-reinforcement.csv	status=saved	reason=new correction added	created_by=admin@readirect.local
2026-06-02T06:35:35Z	expected_text=cup	raw_transcript=cop	prompt_type=word	target_csv=word-reinforcement.csv	status=saved	reason=new correction added	created_by=admin@readirect.local
2026-06-02T06:36:56Z	expected_text=sun	raw_transcript=shan	prompt_type=word	target_csv=word-reinforcement.csv	status=saved	reason=new correction added	created_by=admin@readirect.local
2026-06-02T06:39:09Z	expected_text=ball	raw_transcript=bl	prompt_type=word	target_csv=word-reinforcement.csv	status=saved	reason=new correction added	created_by=admin@readirect.local
2026-06-02T06:46:36Z	expected_text=ball	raw_transcript=bu	prompt_type=word	target_csv=word-reinforcement.csv	status=saved	reason=new correction added	created_by=admin@readirect.local
2026-06-02T06:49:07Z	expected_text=duck	raw_transcript=dock	prompt_type=word	target_csv=word-reinforcement.csv	status=saved	reason=new correction added	created_by=admin@readirect.local
